生成启动时间为 2018/6/4 20:36:55。
     1>项目“c:\Users\81005\documents\visual studio 2010\Projects\ooo\ooo\ooo.vcxproj”在节点 2 上(build 个目标)。
     1>InitializeBuildStatus:
         正在对“Debug\ooo.unsuccessfulbuild”执行 Touch 任务。
       ClCompile:
         所有输出均为最新。
         C:\Program Files (x86)\Microsoft Visual Studio 10.0\VC\bin\CL.exe /c /ZI /nologo /W3 /WX- /Od /Oy- /D WIN32 /D _DEBUG /D _WINDOWS /D _UNICODE /D UNICODE /Gm /EHsc /RTC1 /MDd /GS /fp:precise /Zc:wchar_t /Zc:forScope /Yu"StdAfx.h" /Fp"Debug\ooo.pch" /Fo"Debug\\" /Fd"Debug\vc100.pdb" /Gd /TP /analyze- /errorReport:prompt ooo.cpp
         ooo.cpp
     1>c:\users\81005\documents\visual studio 2010\projects\ooo\ooo\ooo.cpp(14): error C2146: 语法错误: 缺少“;”(在标识符“lpdd”的前面)
     1>c:\users\81005\documents\visual studio 2010\projects\ooo\ooo\ooo.cpp(14): error C4430: 缺少类型说明符 - 假定为 int。注意: C++ 不支持默认 int
     1>c:\users\81005\documents\visual studio 2010\projects\ooo\ooo\ooo.cpp(14): error C4430: 缺少类型说明符 - 假定为 int。注意: C++ 不支持默认 int
     1>c:\users\81005\documents\visual studio 2010\projects\ooo\ooo\ooo.cpp(15): error C2146: 语法错误: 缺少“;”(在标识符“lpddsprimary”的前面)
     1>c:\users\81005\documents\visual studio 2010\projects\ooo\ooo\ooo.cpp(15): error C4430: 缺少类型说明符 - 假定为 int。注意: C++ 不支持默认 int
     1>c:\users\81005\documents\visual studio 2010\projects\ooo\ooo\ooo.cpp(15): error C4430: 缺少类型说明符 - 假定为 int。注意: C++ 不支持默认 int
     1>c:\users\81005\documents\visual studio 2010\projects\ooo\ooo\ooo.cpp(16): error C2146: 语法错误: 缺少“;”(在标识符“ddsd”的前面)
     1>c:\users\81005\documents\visual studio 2010\projects\ooo\ooo\ooo.cpp(16): error C4430: 缺少类型说明符 - 假定为 int。注意: C++ 不支持默认 int
     1>c:\users\81005\documents\visual studio 2010\projects\ooo\ooo\ooo.cpp(16): error C4430: 缺少类型说明符 - 假定为 int。注意: C++ 不支持默认 int
     1>c:\users\81005\documents\visual studio 2010\projects\ooo\ooo\ooo.cpp(17): error C2146: 语法错误: 缺少“;”(在标识符“lpddpal”的前面)
     1>c:\users\81005\documents\visual studio 2010\projects\ooo\ooo\ooo.cpp(17): error C4430: 缺少类型说明符 - 假定为 int。注意: C++ 不支持默认 int
     1>c:\users\81005\documents\visual studio 2010\projects\ooo\ooo\ooo.cpp(17): error C4430: 缺少类型说明符 - 假定为 int。注意: C++ 不支持默认 int
     1>c:\users\81005\documents\visual studio 2010\projects\ooo\ooo\ooo.cpp(36): error C2065: “IID_IDirectDraw7”: 未声明的标识符
     1>c:\users\81005\documents\visual studio 2010\projects\ooo\ooo\ooo.cpp(36): error C3861: “DirectDrawCreate”: 找不到标识符
     1>c:\users\81005\documents\visual studio 2010\projects\ooo\ooo\ooo.cpp(37): error C2227: “->SetCooperativeLevel”的左边必须指向类/结构/联合/泛型类型
                 类型是“int”
     1>c:\users\81005\documents\visual studio 2010\projects\ooo\ooo\ooo.cpp(37): error C2065: “hwnd”: 未声明的标识符
     1>c:\users\81005\documents\visual studio 2010\projects\ooo\ooo\ooo.cpp(37): error C2065: “DDSCL_FULLSCREEN”: 未声明的标识符
     1>c:\users\81005\documents\visual studio 2010\projects\ooo\ooo\ooo.cpp(37): error C2065: “DDSCL_ALLOWMODEX”: 未声明的标识符
     1>c:\users\81005\documents\visual studio 2010\projects\ooo\ooo\ooo.cpp(37): error C2065: “DDSCL_EXCLUSIVE”: 未声明的标识符
     1>c:\users\81005\documents\visual studio 2010\projects\ooo\ooo\ooo.cpp(37): error C2065: “DDSCL_ALLOWREBOOT”: 未声明的标识符
     1>c:\users\81005\documents\visual studio 2010\projects\ooo\ooo\ooo.cpp(38): error C2227: “->SetDisplayMode”的左边必须指向类/结构/联合/泛型类型
                 类型是“int”
     1>c:\users\81005\documents\visual studio 2010\projects\ooo\ooo\ooo.cpp(40): error C2065: “dd”: 未声明的标识符
     1>c:\users\81005\documents\visual studio 2010\projects\ooo\ooo\ooo.cpp(40): error C2146: 语法错误: 缺少“;”(在标识符“sd”的前面)
     1>c:\users\81005\documents\visual studio 2010\projects\ooo\ooo\ooo.cpp(40): error C2065: “sd”: 未声明的标识符
     1>c:\users\81005\documents\visual studio 2010\projects\ooo\ooo\ooo.cpp(40): error C2228: “.dwSize”的左边必须有类/结构/联合
                 类型是“'unknown-type'”
     1>c:\users\81005\documents\visual studio 2010\projects\ooo\ooo\ooo.cpp(41): error C2228: “.dwFlags”的左边必须有类/结构/联合
                 类型是“int”
     1>c:\users\81005\documents\visual studio 2010\projects\ooo\ooo\ooo.cpp(41): error C2065: “DDSD_CAPS”: 未声明的标识符
     1>c:\users\81005\documents\visual studio 2010\projects\ooo\ooo\ooo.cpp(42): error C2228: “.ddsCaps”的左边必须有类/结构/联合
                 类型是“int”
     1>c:\users\81005\documents\visual studio 2010\projects\ooo\ooo\ooo.cpp(42): error C2228: “.dwCaps”的左边必须有类/结构/联合
     1>c:\users\81005\documents\visual studio 2010\projects\ooo\ooo\ooo.cpp(42): error C2065: “DDSCAPS_PRIMARYSURFACE”: 未声明的标识符
     1>c:\users\81005\documents\visual studio 2010\projects\ooo\ooo\ooo.cpp(43): error C2227: “->CreateSurface”的左边必须指向类/结构/联合/泛型类型
                 类型是“int”
     1>c:\users\81005\documents\visual studio 2010\projects\ooo\ooo\ooo.cpp(61): error C2227: “->CreatePalette”的左边必须指向类/结构/联合/泛型类型
                 类型是“int”
     1>c:\users\81005\documents\visual studio 2010\projects\ooo\ooo\ooo.cpp(61): error C2065: “DDCAPS_8BIT”: 未声明的标识符
     1>c:\users\81005\documents\visual studio 2010\projects\ooo\ooo\ooo.cpp(61): error C2065: “DDCAPS_ALLOW256”: 未声明的标识符
     1>c:\users\81005\documents\visual studio 2010\projects\ooo\ooo\ooo.cpp(61): error C2065: “DDCAPS_INITIALIZE”: 未声明的标识符
     1>c:\users\81005\documents\visual studio 2010\projects\ooo\ooo\ooo.cpp(62): error C2227: “->SetPalette”的左边必须指向类/结构/联合/泛型类型
                 类型是“int”
     1>c:\users\81005\documents\visual studio 2010\projects\ooo\ooo\ooo.cpp(88): error C2228: “.dwSize”的左边必须有类/结构/联合
                 类型是“int”
     1>c:\users\81005\documents\visual studio 2010\projects\ooo\ooo\ooo.cpp(89): error C2227: “->Lock”的左边必须指向类/结构/联合/泛型类型
                 类型是“int”
     1>c:\users\81005\documents\visual studio 2010\projects\ooo\ooo\ooo.cpp(89): error C2065: “DDLOCK_SURFACEMEMORYPTR”: 未声明的标识符
     1>c:\users\81005\documents\visual studio 2010\projects\ooo\ooo\ooo.cpp(89): error C2065: “DDLOCK_WAIT”: 未声明的标识符
     1>c:\users\81005\documents\visual studio 2010\projects\ooo\ooo\ooo.cpp(91): error C3861: “KEY_DOWN”: 找不到标识符
     1>c:\users\81005\documents\visual studio 2010\projects\ooo\ooo\ooo.cpp(93): error C2228: “.lpSurface”的左边必须有类/结构/联合
                 类型是“int”
     1>c:\users\81005\documents\visual studio 2010\projects\ooo\ooo\ooo.cpp(95): error C2227: “->Unlock”的左边必须指向类/结构/联合/泛型类型
                 类型是“int”
     1>c:\users\81005\documents\visual studio 2010\projects\ooo\ooo\ooo.cpp(212): error C2227: “->Release”的左边必须指向类/结构/联合/泛型类型
                 类型是“int”
     1>c:\users\81005\documents\visual studio 2010\projects\ooo\ooo\ooo.cpp(217): error C2227: “->Release”的左边必须指向类/结构/联合/泛型类型
                 类型是“int”
     1>c:\users\81005\documents\visual studio 2010\projects\ooo\ooo\ooo.cpp(222): error C2227: “->Release”的左边必须指向类/结构/联合/泛型类型
                 类型是“int”
     1>已完成生成项目“c:\Users\81005\documents\visual studio 2010\Projects\ooo\ooo\ooo.vcxproj”(build 个目标)的操作 - 失败。

生成失败。

已用时间 00:00:00.43
